<?xml version="1.0" encoding="UTF-8"?>
<!-- Generated by org.testng.reporters.JUnitReportReporter -->
<testsuite hostname="Robin" failures="0" tests="1" name="restsuured.schemavalidations" time="1.439" errors="0" timestamp="2024-06-28T12:30:50 IST" skipped="0">
  <testcase classname="restsuured.schemavalidations" name="schemavalid" time="1.439"/>
  <system-out/>
</testsuite> <!-- restsuured.schemavalidations -->
