<?xml version="1.0" encoding="UTF-8"?>
<!-- Generated by org.testng.reporters.JUnitReportReporter -->
<testsuite hostname="Robin" failures="0" tests="4" name="day1.HttpRequest" time="2.946" errors="0" timestamp="2024-06-26T12:29:06 IST" skipped="0">
  <testcase classname="day1.HttpRequest" name="getuser" time="1.510"/>
  <system-out/>
  <testcase classname="day1.HttpRequest" name="createuser" time="0.639"/>
  <system-out/>
  <testcase classname="day1.HttpRequest" name="updateuser" time="0.389"/>
  <system-out/>
  <testcase classname="day1.HttpRequest" name="deleteuser" time="0.408"/>
  <system-out/>
</testsuite> <!-- day1.HttpRequest -->
