<?xml version="1.0" encoding="UTF-8"?>
<!-- Generated by org.testng.reporters.JUnitReportReporter -->
<testsuite hostname="Robin" failures="0" tests="1" name="restsuured.cookiesdemo" time="1.398" errors="0" timestamp="2024-06-27T13:10:55 IST" skipped="0">
  <testcase classname="restsuured.cookiesdemo" name="getcookies" time="1.398"/>
  <system-out/>
</testsuite> <!-- restsuured.cookiesdemo -->
