<?xml version="1.0" encoding="UTF-8"?>
<!-- Generated by org.testng.reporters.JUnitReportReporter -->
<testsuite hostname="Robin" failures="0" tests="4" name="restsuured.HttpRequest" time="3.066" errors="0" timestamp="2024-06-26T12:31:26 IST" skipped="0">
  <testcase classname="restsuured.HttpRequest" name="getuser" time="1.467"/>
  <system-out/>
  <testcase classname="restsuured.HttpRequest" name="createuser" time="0.636"/>
  <system-out/>
  <testcase classname="restsuured.HttpRequest" name="updateuser" time="0.434"/>
  <system-out/>
  <testcase classname="restsuured.HttpRequest" name="deleteuser" time="0.529"/>
  <system-out/>
</testsuite> <!-- restsuured.HttpRequest -->
