<?xml version="1.0" encoding="UTF-8"?>
<!-- Generated by org.testng.reporters.JUnitReportReporter -->
<testsuite hostname="Robin" failures="0" tests="1" name="restsuured.getuser" time="0.477" errors="0" timestamp="2024-06-29T13:59:29 IST" skipped="0">
  <testcase classname="restsuured.getuser" name="guser" time="0.477"/>
  <system-out/>
</testsuite> <!-- restsuured.getuser -->
