<?xml version="1.0" encoding="UTF-8"?>
<!-- Generated by org.testng.reporters.JUnitReportReporter -->
<testsuite hostname="Robin" failures="0" tests="1" name="restsuured.headers" time="1.595" errors="0" timestamp="2024-06-27T13:45:31 IST" skipped="0">
  <testcase classname="restsuured.headers" name="headersdemoinfo" time="1.595"/>
  <system-out/>
</testsuite> <!-- restsuured.headers -->
