<?xml version="1.0" encoding="UTF-8"?>
<!-- Generated by org.testng.reporters.JUnitReportReporter -->
<testsuite hostname="Robin" failures="0" tests="1" name="restsuured.deleteuser" time="0.410" errors="0" timestamp="2024-06-29T13:59:29 IST" skipped="0">
  <testcase classname="restsuured.deleteuser" name="duser" time="0.410"/>
  <system-out/>
</testsuite> <!-- restsuured.deleteuser -->
