<?xml version="1.0" encoding="UTF-8"?>
<!-- Generated by org.testng.reporters.JUnitReportReporter -->
<testsuite hostname="Robin" failures="0" tests="1" name="restsuured.pathandqueryparamerters" time="1.774" errors="0" timestamp="2024-06-27T12:14:14 IST" skipped="0">
  <testcase classname="restsuured.pathandqueryparamerters" name="testqueryandpathparameters" time="1.774"/>
  <system-out/>
</testsuite> <!-- restsuured.pathandqueryparamerters -->
