<?xml version="1.0" encoding="UTF-8"?>
<!-- Generated by org.testng.reporters.JUnitReportReporter -->
<testsuite hostname="Robin" failures="0" tests="1" name="restsuured.Fakerlibrary" time="0.155" errors="0" timestamp="2024-06-29T10:54:45 IST" skipped="0">
  <testcase classname="restsuured.Fakerlibrary" name="fakedata" time="0.155"/>
  <system-out/>
</testsuite> <!-- restsuured.Fakerlibrary -->
