<?xml version="1.0" encoding="UTF-8"?>
<!-- Generated by org.testng.reporters.JUnitReportReporter -->
<testsuite hostname="Robin" failures="0" tests="1" name="restsuured.createuser" time="1.953" errors="0" timestamp="2024-06-29T13:59:29 IST" skipped="0">
  <testcase classname="restsuured.createuser" name="cuser" time="1.953"/>
  <system-out/>
</testsuite> <!-- restsuured.createuser -->
